<?xml version="1.0" encoding="UTF-8"?>
<coverage generated="1584174867149" clover="3.2.0">
  <project timestamp="1584174867149" name="All files">
    <metrics statements="34" coveredstatements="19" conditionals="4" coveredconditionals="2" methods="14" coveredmethods="5" elements="52" coveredelements="26" complexity="0" loc="34" ncloc="34" packages="3" files="4" classes="4"/>
    <package name="src">
      <metrics statements="2" coveredstatements="0" conditionals="0" coveredconditionals="0" methods="0" coveredmethods="0"/>
      <file name="index.tsx" path="/private/var/www/Own/Projects/GithubStat/src/index.tsx">
        <metrics statements="2" coveredstatements="0" conditionals="0" coveredconditionals="0" methods="0" coveredmethods="0"/>
        <line num="7" count="0" type="stmt"/>
        <line num="12" count="0" type="stmt"/>
      </file>
    </package>
    <package name="src.Components">
      <metrics statements="21" coveredstatements="12" conditionals="2" coveredconditionals="1" methods="7" coveredmethods="3"/>
      <file name="Form.tsx" path="/private/var/www/Own/Projects/GithubStat/src/Components/Form.tsx">
        <metrics statements="16" coveredstatements="10" conditionals="2" coveredconditionals="1" methods="5" coveredmethods="3"/>
        <line num="11" count="2" type="stmt"/>
        <line num="12" count="1" type="stmt"/>
        <line num="37" count="2" type="stmt"/>
        <line num="38" count="11" type="stmt"/>
        <line num="39" count="11" type="stmt"/>
        <line num="40" count="11" type="stmt"/>
        <line num="41" count="11" type="stmt"/>
        <line num="42" count="0" type="stmt"/>
        <line num="43" count="0" type="stmt"/>
        <line num="44" count="0" type="stmt"/>
        <line num="46" count="11" type="stmt"/>
        <line num="47" count="0" type="stmt"/>
        <line num="48" count="0" type="stmt"/>
        <line num="49" count="0" type="stmt"/>
        <line num="52" count="11" type="stmt"/>
        <line num="67" count="3" type="stmt"/>
      </file>
      <file name="RepoTable.tsx" path="/private/var/www/Own/Projects/GithubStat/src/Components/RepoTable.tsx">
        <metrics statements="5" coveredstatements="2" conditionals="0" coveredconditionals="0" methods="2" coveredmethods="0"/>
        <line num="15" count="1" type="stmt"/>
        <line num="32" count="1" type="stmt"/>
        <line num="33" count="0" type="stmt"/>
        <line num="35" count="0" type="stmt"/>
        <line num="47" count="0" type="stmt"/>
      </file>
    </package>
    <package name="src.Pages">
      <metrics statements="11" coveredstatements="7" conditionals="2" coveredconditionals="1" methods="7" coveredmethods="2"/>
      <file name="Home.tsx" path="/private/var/www/Own/Projects/GithubStat/src/Pages/Home.tsx">
        <metrics statements="11" coveredstatements="7" conditionals="2" coveredconditionals="1" methods="7" coveredmethods="2"/>
        <line num="7" count="1" type="stmt"/>
        <line num="8" count="1" type="stmt"/>
        <line num="35" count="2" type="stmt"/>
        <line num="36" count="2" type="stmt"/>
        <line num="42" count="2" type="stmt"/>
        <line num="44" count="0" type="stmt"/>
        <line num="45" count="0" type="stmt"/>
        <line num="47" count="0" type="stmt"/>
        <line num="54" count="2" type="stmt"/>
        <line num="55" count="0" type="stmt"/>
        <line num="62" count="2" type="stmt"/>
      </file>
    </package>
  </project>
</coverage>
