{"/private/var/www/Own/Projects/GithubStat/src/index.tsx": {"path":"/private/var/www/Own/Projects/GithubStat/src/index.tsx","statementMap":{"0":{"start":{"line":7,"column":0},"end":{"line":7,"column":59}},"1":{"start":{"line":12,"column":0},"end":{"line":12,"column":27}}},"fnMap":{},"branchMap":{},"s":{"0":0,"1":0},"f":{},"b":{},"hash":"a962d587e87e61e2fdd6bcecdd19dcd5e56717b4"}
,"/private/var/www/Own/Projects/GithubStat/src/Components/Form.tsx": {"path":"/private/var/www/Own/Projects/GithubStat/src/Components/Form.tsx","statementMap":{"0":{"start":{"line":11,"column":18},"end":{"line":30,"column":1}},"1":{"start":{"line":12,"column":2},"end":{"line":29,"column":4}},"2":{"start":{"line":37,"column":31},"end":{"line":94,"column":1}},"3":{"start":{"line":38,"column":18},"end":{"line":38,"column":29}},"4":{"start":{"line":39,"column":28},"end":{"line":39,"column":40}},"5":{"start":{"line":40,"column":34},"end":{"line":40,"column":49}},"6":{"start":{"line":41,"column":27},"end":{"line":45,"column":3}},"7":{"start":{"line":42,"column":4},"end":{"line":42,"column":20}},"8":{"start":{"line":43,"column":4},"end":{"line":43,"column":22}},"9":{"start":{"line":44,"column":4},"end":{"line":44,"column":27}},"10":{"start":{"line":46,"column":26},"end":{"line":50,"column":3}},"11":{"start":{"line":47,"column":4},"end":{"line":47,"column":17}},"12":{"start":{"line":48,"column":4},"end":{"line":48,"column":23}},"13":{"start":{"line":49,"column":4},"end":{"line":49,"column":14}},"14":{"start":{"line":52,"column":2},"end":{"line":93,"column":4}},"15":{"start":{"line":67,"column":29},"end":{"line":67,"column":57}}},"fnMap":{"0":{"name":"(anonymous_0)","decl":{"start":{"line":11,"column":29},"end":{"line":11,"column":30}},"loc":{"start":{"line":12,"column":2},"end":{"line":29,"column":4}},"line":12},"1":{"name":"(anonymous_1)","decl":{"start":{"line":37,"column":31},"end":{"line":37,"column":32}},"loc":{"start":{"line":37,"column":58},"end":{"line":94,"column":1}},"line":37},"2":{"name":"(anonymous_2)","decl":{"start":{"line":41,"column":27},"end":{"line":41,"column":28}},"loc":{"start":{"line":41,"column":68},"end":{"line":45,"column":3}},"line":41},"3":{"name":"(anonymous_3)","decl":{"start":{"line":46,"column":26},"end":{"line":46,"column":27}},"loc":{"start":{"line":46,"column":67},"end":{"line":50,"column":3}},"line":46},"4":{"name":"(anonymous_4)","decl":{"start":{"line":67,"column":18},"end":{"line":67,"column":19}},"loc":{"start":{"line":67,"column":29},"end":{"line":67,"column":57}},"line":67}},"branchMap":{"0":{"loc":{"start":{"line":77,"column":8},"end":{"line":90,"column":9}},"type":"binary-expr","locations":[{"start":{"line":77,"column":8},"end":{"line":77,"column":16}},{"start":{"line":79,"column":10},"end":{"line":89,"column":13}}],"line":77}},"s":{"0":2,"1":1,"2":2,"3":11,"4":11,"5":11,"6":11,"7":0,"8":0,"9":0,"10":11,"11":0,"12":0,"13":0,"14":11,"15":3},"f":{"0":1,"1":11,"2":0,"3":0,"4":3},"b":{"0":[11,0]},"_coverageSchema":"43e27e138ebf9cfc5966b082cf9a028302ed4184","hash":"dfb07efa6b89ad88ec7698e74d89766e889805fa"}
,"/private/var/www/Own/Projects/GithubStat/src/Components/RepoTable.tsx": {"path":"/private/var/www/Own/Projects/GithubStat/src/Components/RepoTable.tsx","statementMap":{"0":{"start":{"line":15,"column":18},"end":{"line":25,"column":2}},"1":{"start":{"line":32,"column":36},"end":{"line":68,"column":1}},"2":{"start":{"line":33,"column":18},"end":{"line":33,"column":29}},"3":{"start":{"line":35,"column":2},"end":{"line":67,"column":4}},"4":{"start":{"line":47,"column":12},"end":{"line":62,"column":23}}},"fnMap":{"0":{"name":"(anonymous_0)","decl":{"start":{"line":32,"column":36},"end":{"line":32,"column":37}},"loc":{"start":{"line":32,"column":50},"end":{"line":68,"column":1}},"line":32},"1":{"name":"(anonymous_1)","decl":{"start":{"line":46,"column":26},"end":{"line":46,"column":27}},"loc":{"start":{"line":47,"column":12},"end":{"line":62,"column":23}},"line":47}},"branchMap":{},"s":{"0":1,"1":1,"2":0,"3":0,"4":0},"f":{"0":0,"1":0},"b":{},"_coverageSchema":"43e27e138ebf9cfc5966b082cf9a028302ed4184","hash":"a27932665a0fb139e335de056fd82f8546cea415"}
,"/private/var/www/Own/Projects/GithubStat/src/Pages/Home.tsx": {"path":"/private/var/www/Own/Projects/GithubStat/src/Pages/Home.tsx","statementMap":{"0":{"start":{"line":7,"column":18},"end":{"line":32,"column":1}},"1":{"start":{"line":8,"column":2},"end":{"line":31,"column":4}},"2":{"start":{"line":35,"column":18},"end":{"line":35,"column":29}},"3":{"start":{"line":36,"column":42},"end":{"line":40,"column":4}},"4":{"start":{"line":42,"column":23},"end":{"line":52,"column":3}},"5":{"start":{"line":44,"column":4},"end":{"line":51,"column":7}},"6":{"start":{"line":45,"column":19},"end":{"line":45,"column":29}},"7":{"start":{"line":47,"column":10},"end":{"line":47,"column":34}},"8":{"start":{"line":54,"column":22},"end":{"line":60,"column":3}},"9":{"start":{"line":55,"column":4},"end":{"line":59,"column":7}},"10":{"start":{"line":62,"column":2},"end":{"line":86,"column":4}}},"fnMap":{"0":{"name":"(anonymous_0)","decl":{"start":{"line":7,"column":29},"end":{"line":7,"column":30}},"loc":{"start":{"line":8,"column":2},"end":{"line":31,"column":4}},"line":8},"1":{"name":"Home","decl":{"start":{"line":34,"column":9},"end":{"line":34,"column":13}},"loc":{"start":{"line":34,"column":16},"end":{"line":87,"column":1}},"line":34},"2":{"name":"(anonymous_2)","decl":{"start":{"line":42,"column":23},"end":{"line":42,"column":24}},"loc":{"start":{"line":42,"column":41},"end":{"line":52,"column":3}},"line":42},"3":{"name":"(anonymous_3)","decl":{"start":{"line":45,"column":12},"end":{"line":45,"column":13}},"loc":{"start":{"line":45,"column":19},"end":{"line":45,"column":29}},"line":45},"4":{"name":"(anonymous_4)","decl":{"start":{"line":46,"column":12},"end":{"line":46,"column":13}},"loc":{"start":{"line":46,"column":24},"end":{"line":48,"column":9}},"line":46},"5":{"name":"(anonymous_5)","decl":{"start":{"line":49,"column":8},"end":{"line":49,"column":9}},"loc":{"start":{"line":49,"column":19},"end":{"line":50,"column":9}},"line":49},"6":{"name":"(anonymous_6)","decl":{"start":{"line":54,"column":22},"end":{"line":54,"column":23}},"loc":{"start":{"line":54,"column":28},"end":{"line":60,"column":3}},"line":54}},"branchMap":{"0":{"loc":{"start":{"line":79,"column":12},"end":{"line":81,"column":30}},"type":"cond-expr","locations":[{"start":{"line":80,"column":15},"end":{"line":80,"column":48}},{"start":{"line":81,"column":14},"end":{"line":81,"column":30}}],"line":79}},"s":{"0":1,"1":1,"2":2,"3":2,"4":2,"5":0,"6":0,"7":0,"8":2,"9":0,"10":2},"f":{"0":1,"1":2,"2":0,"3":0,"4":0,"5":0,"6":0},"b":{"0":[0,2]},"_coverageSchema":"43e27e138ebf9cfc5966b082cf9a028302ed4184","hash":"205b8070ce472f4bbfa3cc57e8cbfcc1b75bd3b5"}
}
