TN:
SF:/private/var/www/Own/Projects/GithubStat/src/index.tsx
FNF:0
FNH:0
DA:7,0
DA:12,0
LF:2
LH:0
BRF:0
BRH:0
end_of_record
TN:
SF:/private/var/www/Own/Projects/GithubStat/src/Components/Form.tsx
FN:11,(anonymous_0)
FN:37,(anonymous_1)
FN:41,(anonymous_2)
FN:46,(anonymous_3)
FN:67,(anonymous_4)
FNF:5
FNH:3
FNDA:1,(anonymous_0)
FNDA:11,(anonymous_1)
FNDA:0,(anonymous_2)
FNDA:0,(anonymous_3)
FNDA:3,(anonymous_4)
DA:11,2
DA:12,1
DA:37,2
DA:38,11
DA:39,11
DA:40,11
DA:41,11
DA:42,0
DA:43,0
DA:44,0
DA:46,11
DA:47,0
DA:48,0
DA:49,0
DA:52,11
DA:67,3
LF:16
LH:10
BRDA:77,0,0,11
BRDA:77,0,1,0
BRF:2
BRH:1
end_of_record
TN:
SF:/private/var/www/Own/Projects/GithubStat/src/Components/RepoTable.tsx
FN:32,(anonymous_0)
FN:46,(anonymous_1)
FNF:2
FNH:0
FNDA:0,(anonymous_0)
FNDA:0,(anonymous_1)
DA:15,1
DA:32,1
DA:33,0
DA:35,0
DA:47,0
LF:5
LH:2
BRF:0
BRH:0
end_of_record
TN:
SF:/private/var/www/Own/Projects/GithubStat/src/Pages/Home.tsx
FN:7,(anonymous_0)
FN:34,Home
FN:42,(anonymous_2)
FN:45,(anonymous_3)
FN:46,(anonymous_4)
FN:49,(anonymous_5)
FN:54,(anonymous_6)
FNF:7
FNH:2
FNDA:1,(anonymous_0)
FNDA:2,Home
FNDA:0,(anonymous_2)
FNDA:0,(anonymous_3)
FNDA:0,(anonymous_4)
FNDA:0,(anonymous_5)
FNDA:0,(anonymous_6)
DA:7,1
DA:8,1
DA:35,2
DA:36,2
DA:42,2
DA:44,0
DA:45,0
DA:47,0
DA:54,2
DA:55,0
DA:62,2
LF:11
LH:7
BRDA:79,0,0,0
BRDA:79,0,1,2
BRF:2
BRH:1
end_of_record
